MyApp/platforms/android/build/outputs/logs/manifest-merger-debug-report.txt
-- Merging decision tree log ---
manifest
ADDED from platforms\android\AndroidManifest.xml:2:1-28:12
	package
		ADDED from platforms\android\AndroidManifest.xml:2:98-131
		INJECTED from platforms\android\AndroidManifest.xml
		INJECTED from platforms\android\AndroidManifest.xml
	android:versionName
		ADDED from platforms\android\AndroidManifest.xml:2:70-97
		INJECTED from platforms\android\AndroidManifest.xml
		INJECTED from platforms\android\AndroidManifest.xml
	android:hardwareAccelerated
		ADDED from platforms\android\AndroidManifest.xml:2:11-45
	android:versionCode
		ADDED from platforms\android\AndroidManifest.xml:2:46-69
		INJECTED from platforms\android\AndroidManifest.xml
		INJECTED from platforms\android\AndroidManifest.xml
	xmlns:android
		ADDED from platforms\android\AndroidManifest.xml:2:132-190
supports-screens
ADDED from platforms\android\AndroidManifest.xml:3:5-191
	android:largeScreens
		ADDED from platforms\android\AndroidManifest.xml:3:49-76
	android:smallScreens
		ADDED from platforms\android\AndroidManifest.xml:3:132-159
	android:normalScreens
		ADDED from platforms\android\AndroidManifest.xml:3:77-105
	android:xlargeScreens
		ADDED from platforms\android\AndroidManifest.xml:3:160-188
	android:resizeable
		ADDED from platforms\android\AndroidManifest.xml:3:106-131
	android:anyDensity
		ADDED from platforms\android\AndroidManifest.xml:3:23-48
uses-permission#android.permission.INTERNET
ADDED from platforms\android\AndroidManifest.xml:4:5-67
	android:name
		ADDED from platforms\android\AndroidManifest.xml:4:22-64
application
ADDED from platforms\android\AndroidManifest.xml:5:5-21:19
MERGED from [com.android.support:support-v4:23.3.0] AndroidManifest.xml:22:5-20
	android:label
		ADDED from platforms\android\AndroidManifest.xml:5:83-115
	android:supportsRtl
		ADDED from platforms\android\AndroidManifest.xml:5:116-142
	android:hardwareAccelerated
		ADDED from platforms\android\AndroidManifest.xml:5:18-52
	android:icon
		ADDED from platforms\android\AndroidManifest.xml:5:53-82
activity#io.cordova.hellocordova.MainActivity
ADDED from platforms\android\AndroidManifest.xml:6:9-11:20
	android:screenOrientation
		ADDED from platforms\android\AndroidManifest.xml:6:194-230
	android:label
		ADDED from platforms\android\AndroidManifest.xml:6:97-134
	android:launchMode
		ADDED from platforms\android\AndroidManifest.xml:6:135-165
	android:windowSoftInputMode
		ADDED from platforms\android\AndroidManifest.xml:6:294-336
	android:configChanges
		ADDED from platforms\android\AndroidManifest.xml:6:19-96
	android:theme
		ADDED from platforms\android\AndroidManifest.xml:6:231-293
	android:name
		ADDED from platforms\android\AndroidManifest.xml:6:166-193
intent-filter#android.intent.action.MAIN+android.intent.category.LAUNCHER
ADDED from platforms\android\AndroidManifest.xml:7:13-10:29
	android:label
		ADDED from platforms\android\AndroidManifest.xml:7:28-65
action#android.intent.action.MAIN
ADDED from platforms\android\AndroidManifest.xml:8:17-69
	android:name
		ADDED from platforms\android\AndroidManifest.xml:8:25-66
category#android.intent.category.LAUNCHER
ADDED from platforms\android\AndroidManifest.xml:9:17-77
	android:name
		ADDED from platforms\android\AndroidManifest.xml:9:27-74
activity#com.tencent.tauth.AuthActivity
ADDED from platforms\android\AndroidManifest.xml:12:9-19:20
	android:launchMode
		ADDED from platforms\android\AndroidManifest.xml:12:19-50
	android:noHistory
		ADDED from platforms\android\AndroidManifest.xml:12:97-121
	android:name
		ADDED from platforms\android\AndroidManifest.xml:12:51-96
intent-filter#android.intent.action.VIEW+android.intent.category.BROWSABLE+android.intent.category.DEFAULT
ADDED from platforms\android\AndroidManifest.xml:13:13-18:29
action#android.intent.action.VIEW
ADDED from platforms\android\AndroidManifest.xml:14:17-69
	android:name
		ADDED from platforms\android\AndroidManifest.xml:14:25-66
category#android.intent.category.DEFAULT
ADDED from platforms\android\AndroidManifest.xml:15:17-76
	android:name
		ADDED from platforms\android\AndroidManifest.xml:15:27-73
category#android.intent.category.BROWSABLE
ADDED from platforms\android\AndroidManifest.xml:16:17-78
	android:name
		ADDED from platforms\android\AndroidManifest.xml:16:27-75
data
ADDED from platforms\android\AndroidManifest.xml:17:17-60
	android:scheme
		ADDED from platforms\android\AndroidManifest.xml:17:23-57
activity#com.tencent.connect.common.AssistActivity
ADDED from platforms\android\AndroidManifest.xml:20:9-226
	android:screenOrientation
		ADDED from platforms\android\AndroidManifest.xml:20:127-163
	android:configChanges
		ADDED from platforms\android\AndroidManifest.xml:20:19-69
	android:theme
		ADDED from platforms\android\AndroidManifest.xml:20:164-223
	android:name
		ADDED from platforms\android\AndroidManifest.xml:20:70-126
uses-sdk
ADDED from platforms\android\AndroidManifest.xml:22:5-74
MERGED from [com.android.support:support-v4:23.3.0] AndroidManifest.xml:20:5-43
MERGED from [android:CordovaLib:unspecified:debug] AndroidManifest.xml:25:5-44
	android:targetSdkVersion
		ADDED from platforms\android\AndroidManifest.xml:22:42-71
	android:minSdkVersion
		ADDED from platforms\android\AndroidManifest.xml:22:15-41
uses-permission#android.permission.WRITE_EXTERNAL_STORAGE
ADDED from platforms\android\AndroidManifest.xml:23:5-81
	android:name
		ADDED from platforms\android\AndroidManifest.xml:23:22-78
uses-permission#android.permission.RECORD_AUDIO
ADDED from platforms\android\AndroidManifest.xml:24:5-71
	android:name
		ADDED from platforms\android\AndroidManifest.xml:24:22-68
uses-permission#android.permission.MODIFY_AUDIO_SETTINGS
ADDED from platforms\android\AndroidManifest.xml:25:5-80
	android:name
		ADDED from platforms\android\AndroidManifest.xml:25:22-77
uses-permission#android.permission.READ_PHONE_STATE
ADDED from platforms\android\AndroidManifest.xml:26:5-75
	android:name
		ADDED from platforms\android\AndroidManifest.xml:26:22-72
uses-permission#android.permission.ACCESS_NETWORK_STATE
ADDED from platforms\android\AndroidManifest.xml:27:5-79
	android:name
		ADDED from platforms\android\AndroidManifest.xml:27:22-76